<?xml version="1.0" encoding="UTF-8"?>
<!-- Generated by org.testng.reporters.JUnitXMLReporter -->
<testsuite ignored="0" hostname="LAPTOP-UL4VISUC" failures="0" tests="4" name="Test" time="56.312" errors="0" timestamp="2024-07-03T12:44:49 IST">
  <testcase classname="MNO3.TC1_Jobs_Add" name="f" time="0.024"/>
  <testcase classname="MNO3.TC1_Skills" name="LoginTest" time="29.965"/>
  <testcase classname="MNO3.TC1_Jobs_Add1" name="Addjobs1" time="30.542"/>
  <testcase classname="MNO3.TC1_Jobs_Add1" name="Addjobs2" time="25.723"/>
</testsuite> <!-- Test -->
