<?xml version="1.0" encoding="UTF-8"?>
<testng-results ignored="0" total="1" passed="1" failed="0" skipped="0">
  <reporter-output>
  </reporter-output>
  <suite started-at="2024-07-03T16:52:48 IST" name="Default suite" finished-at="2024-07-03T16:53:08 IST" duration-ms="19889">
    <groups>
    </groups>
    <test started-at="2024-07-03T16:52:48 IST" name="Default test" finished-at="2024-07-03T16:53:08 IST" duration-ms="19889">
      <class name="MNO1.TC2_Login">
        <test-method signature="Login()[pri:0, instance:MNO1.TC2_Login@60df60da]" started-at="2024-07-03T16:52:48 IST" name="Login" finished-at="2024-07-03T16:53:08 IST" duration-ms="19830" status="PASS">
          <reporter-output>
          </reporter-output>
        </test-method> <!-- Login -->
      </class> <!-- MNO1.TC2_Login -->
    </test> <!-- Default test -->
  </suite> <!-- Default suite -->
</testng-results>
